#
# A fatal error has been detected by the Java Runtime Environment:
#
#  EXCEPTION_ACCESS_VIOLATION (0xc0000005) at pc=0x000000007322c750, pid=836, tid=3988
#
# JRE version: 6.0_17-b04
# Java VM: Java HotSpot(TM) 64-Bit Server VM (14.3-b01 mixed mode windows-amd64 )
# Problematic frame:
# C  0x000000007322c750
#
# If you would like to submit a bug report, please visit:
#   http://java.sun.com/webapps/bugreport/crash.jsp
# The crash happened outside the Java Virtual Machine in native code.
# See problematic frame for where to report the bug.
#

---------------  T H R E A D  ---------------

Current thread (0x000000000e265000):  JavaThread "AWT-EventQueue-0" [_thread_in_native, id=3988, stack(0x000000000f4d0000,0x000000000f550000)]

siginfo: ExceptionCode=0xc0000005, reading address 0x0000000000000008

Registers:
EAX=0x000000000000000d, EBX=0x000000000e2651b8, ECX=0x0000000000000000, EDX=0x0000000048010178
ESP=0x000000000f54e2c8, EBP=0x0000000071c683e0, ESI=0x000000000e2651b8, EDI=0x0000000070835c00
EIP=0x000000007322c750, EFLAGS=0x0000000000010206

Top of Stack: (sp=0x000000000f54e2c8)
0x000000000f54e2c8:   00000000731d589c 0000000000000000
0x000000000f54e2d8:   000000000e2651b8 0000000071c683e0
0x000000000f54e2e8:   000000000e2651b8 000000003da83958
0x000000000f54e2f8:   000000000e2651b8 0000000038cee458
0x000000000f54e308:   00000000731b3810 000000000e2651b8
0x000000000f54e318:   000000000f54e9e8 000000000f54ea60
0x000000000f54e328:   0000000071c683e0 000000000f54e398
0x000000000f54e338:   00000000731d2151 00000000316f5ac2
0x000000000f54e348:   000000000f54ea58 00000000472688b8
0x000000000f54e358:   000000000f54ea60 000000003c835b68
0x000000000f54e368:   000000590000001c 000000003dab9cb8
0x000000000f54e378:   0000001c00000000 0000000000000059
0x000000000f54e388:   0000000031819dc4 0000005900000000
0x000000000f54e398:   000000000000001c 00000000319c38d8
0x000000000f54e3a8:   00000000474acfa8 000000003c90dd48
0x000000000f54e3b8:   00000000319c3d0c 000000003d5aaca8 

Instructions: (pc=0x000000007322c750)
0x000000007322c740:   48 8b 41 08 48 8b 80 18 0c 00 00 c3 cc cc cc cc
0x000000007322c750:   48 8b 49 08 48 85 c9 74 05 e9 72 f6 fd ff 33 c0 


Stack: [0x000000000f4d0000,0x000000000f550000],  sp=0x000000000f54e2c8,  free space=504k
Native frames: (J=compiled Java code, j=interpreted, Vv=VM code, C=native code)
C  0x000000007322c750

Java frames: (J=compiled Java code, j=interpreted, Vv=VM code)
j  sun.java2d.windows.GDIBlitLoops.nativeBlit(Lsun/java2d/SurfaceData;Lsun/java2d/SurfaceData;Lsun/java2d/pipe/Region;IIIIIIIIIZ)V+0
j  sun.java2d.windows.GDIBlitLoops.Blit(Lsun/java2d/SurfaceData;Lsun/java2d/SurfaceData;Ljava/awt/Composite;Lsun/java2d/pipe/Region;IIIIII)V+33
J  sun.java2d.pipe.DrawImage.copyImage(Lsun/java2d/SunGraphics2D;Ljava/awt/Image;IILjava/awt/Color;Ljava/awt/image/ImageObserver;)Z
j  sun.java2d.pipe.ValidatePipe.copyImage(Lsun/java2d/SunGraphics2D;Ljava/awt/Image;IILjava/awt/Color;Ljava/awt/image/ImageObserver;)Z+21
J  javax.swing.RepaintManager$PaintManager.paintDoubleBuffered(Ljavax/swing/JComponent;Ljava/awt/Image;Ljava/awt/Graphics;IIII)V
j  javax.swing.RepaintManager$PaintManager.paint(Ljavax/swing/JComponent;Ljavax/swing/JComponent;Ljava/awt/Graphics;IIII)Z+116
j  javax.swing.BufferStrategyPaintManager.paint(Ljavax/swing/JComponent;Ljavax/swing/JComponent;Ljava/awt/Graphics;IIII)Z+224
J  javax.swing.JComponent.paint(Ljava/awt/Graphics;)V
j  java.awt.GraphicsCallback$PaintCallback.run(Ljava/awt/Component;Ljava/awt/Graphics;)V+2
j  sun.awt.SunGraphicsCallback.runOneComponent(Ljava/awt/Component;Ljava/awt/Rectangle;Ljava/awt/Graphics;Ljava/awt/Shape;I)V+155
j  sun.awt.SunGraphicsCallback.runComponents([Ljava/awt/Component;Ljava/awt/Graphics;I)V+104
j  java.awt.Container.paint(Ljava/awt/Graphics;)V+73
J  javax.swing.RepaintManager.paintDirtyRegions(Ljava/util/Map;)V
j  javax.swing.RepaintManager.paintDirtyRegions()V+46
j  javax.swing.RepaintManager.seqPaintDirtyRegions()V+73
j  javax.swing.SystemEventQueueUtilities$ComponentWorkRequest.run()V+36
J  java.awt.event.InvocationEvent.dispatch()V
J  java.awt.EventDispatchThread.pumpOneEventForFilters(I)Z
J  java.awt.EventDispatchThread.pumpEventsForFilter(ILjava/awt/Conditional;Ljava/awt/EventFilter;)V
j  java.awt.EventDispatchThread.pumpEventsForHierarchy(ILjava/awt/Conditional;Ljava/awt/Component;)V+11
j  java.awt.EventDispatchThread.pumpEvents(ILjava/awt/Conditional;)V+4
j  java.awt.EventDispatchThread.pumpEvents(Ljava/awt/Conditional;)V+3
j  java.awt.EventDispatchThread.run()V+9
v  ~StubRoutines::call_stub

---------------  P R O C E S S  ---------------

Java Threads: ( => current thread )
  0x0000000065a09000 JavaThread "Code Analyzer updating thread" [_thread_blocked, id=4068, stack(0x00000000741a0000,0x0000000074220000)]
  0x0000000065a04000 JavaThread "pool-7-thread-1" [_thread_blocked, id=3204, stack(0x000000006aec0000,0x000000006af40000)]
  0x000000000e263800 JavaThread "pool-1-thread-1" [_thread_blocked, id=2908, stack(0x000000006ab80000,0x000000006ac00000)]
  0x00000000659c7000 JavaThread "Foxtrot Single Worker Thread #1" daemon [_thread_blocked, id=2012, stack(0x000000001cf20000,0x000000001cfa0000)]
  0x00000000659c8800 JavaThread "Swing-Shell" daemon [_thread_blocked, id=2664, stack(0x000000002fcd0000,0x000000002fd50000)]
  0x00000000659c9800 JavaThread "Prefs Updater" daemon [_thread_blocked, id=3088, stack(0x00000000295d0000,0x0000000029650000)]
  0x00000000659c5800 JavaThread "Code Analyzer updating thread" [_thread_blocked, id=4084, stack(0x0000000066150000,0x00000000661d0000)]
  0x00000000659c5000 JavaThread "Active Reference Queue Daemon" daemon [_thread_blocked, id=3124, stack(0x000000004cc90000,0x000000004cd10000)]
  0x00000000659c4000 JavaThread "Timer-4" daemon [_thread_blocked, id=3312, stack(0x0000000050e00000,0x0000000050e80000)]
  0x00000000659c3800 JavaThread "Timer-3" daemon [_thread_blocked, id=3108, stack(0x0000000010e60000,0x0000000010ee0000)]
  0x00000000659c3000 JavaThread "Explorer NavigationContext request queue" [_thread_blocked, id=3316, stack(0x0000000014ee0000,0x0000000014f60000)]
  0x000000000e26b800 JavaThread "AddressBar directory emptiness poller" [_thread_blocked, id=3096, stack(0x0000000021330000,0x00000000213b0000)]
  0x000000000e26a800 JavaThread "Explorer Refresh Service 1336846119" [_thread_blocked, id=1860, stack(0x000000002d660000,0x000000002d6e0000)]
  0x000000000e269000 JavaThread "Timer-1" daemon [_thread_blocked, id=3212, stack(0x0000000014fa0000,0x0000000015020000)]
  0x000000000e268800 JavaThread "TimerQueue" daemon [_thread_blocked, id=3184, stack(0x000000000fbd0000,0x000000000fc50000)]
  0x000000000e265800 JavaThread "Thread-5" daemon [_thread_blocked, id=3180, stack(0x000000000f830000,0x000000000f8b0000)]
  0x000000000e267800 JavaThread "FelixPackageAdmin" daemon [_thread_blocked, id=4036, stack(0x000000000f900000,0x000000000f980000)]
  0x000000000e267000 JavaThread "FelixStartLevel" daemon [_thread_blocked, id=3216, stack(0x000000000faf0000,0x000000000fb70000)]
  0x000000000e266800 JavaThread "FelixDispatchQueue" daemon [_thread_blocked, id=4012, stack(0x000000000fa70000,0x000000000faf0000)]
=>0x000000000e265000 JavaThread "AWT-EventQueue-0" [_thread_in_native, id=3988, stack(0x000000000f4d0000,0x000000000f550000)]
  0x000000000e264000 JavaThread "com.google.common.base.internal.Finalizer" daemon [_thread_blocked, id=3976, stack(0x000000000f720000,0x000000000f7a0000)]
  0x000000000e262800 JavaThread "AWT-Windows" daemon [_thread_in_native, id=2996, stack(0x000000000f420000,0x000000000f4a0000)]
  0x000000000e262000 JavaThread "AWT-Shutdown" [_thread_blocked, id=2988, stack(0x000000000f1e0000,0x000000000f260000)]
  0x000000000e261000 JavaThread "Java2D Disposer" daemon [_thread_blocked, id=3028, stack(0x000000000f260000,0x000000000f2e0000)]
  0x000000000e260800 JavaThread "Timer-0" [_thread_blocked, id=3008, stack(0x000000000f100000,0x000000000f180000)]
  0x000000000e260000 JavaThread "EventMgr Dispatcher" daemon [_thread_in_native, id=2972, stack(0x0000000008810000,0x000000000c810000)]
  0x000000000e25e800 JavaThread "Low Memory Detector" daemon [_thread_blocked, id=3944, stack(0x000000000e410000,0x000000000e490000)]
  0x000000000e274000 JavaThread "CompilerThread1" daemon [_thread_blocked, id=2984, stack(0x0000000088100000,0x000000008c100000)]
  0x000000000e26d800 JavaThread "CompilerThread0" daemon [_thread_blocked, id=3000, stack(0x0000000084040000,0x0000000088040000)]
  0x000000000e25d800 JavaThread "Attach Listener" daemon [_thread_blocked, id=2496, stack(0x000000000e2a0000,0x000000000e320000)]
  0x000000000e205000 JavaThread "Finalizer" daemon [_thread_blocked, id=3940, stack(0x000000000df10000,0x000000000df90000)]
  0x000000000e1fa800 JavaThread "Reference Handler" daemon [_thread_blocked, id=2804, stack(0x000000000e320000,0x000000000e3a0000)]
  0x000000000593f800 JavaThread "main" [_thread_in_native, id=744, stack(0x0000000000080000,0x0000000004080000)]

Other Threads:
  0x000000000e1f4800 VMThread [stack: 0x0000000080000000,0x0000000084000000] [id=2760]
  0x000000000e296800 WatcherThread [stack: 0x000000008c1f0000,0x00000000901f0000] [id=3020]

VM state:not at safepoint (normal execution)

VM Mutex/Monitor currently owned by a thread: None

Heap
 PSYoungGen      total 39488K, used 28511K [0x00000000459f0000, 0x0000000048460000, 0x0000000048af0000)
  eden space 38080K, 72% used [0x00000000459f0000,0x00000000474da278,0x0000000047f20000)
  from space 1408K, 67% used [0x0000000048300000,0x00000000483edab0,0x0000000048460000)
  to   space 2688K, 0% used [0x0000000047f20000,0x0000000047f20000,0x00000000481c0000)
 PSOldGen        total 114176K, used 89447K [0x000000003c6f0000, 0x0000000043670000, 0x00000000459f0000)
  object space 114176K, 78% used [0x000000003c6f0000,0x0000000041e49f40,0x0000000043670000)
 PSPermGen       total 104000K, used 71676K [0x00000000346f0000, 0x000000003ac80000, 0x000000003c6f0000)
  object space 104000K, 68% used [0x00000000346f0000,0x0000000038cef1b0,0x000000003ac80000)

Dynamic libraries:
0x000000013f720000 - 0x000000013f74d000 	C:\Program Files\MATLAB\R2012b\bin\win64\MATLAB.exe
0x0000000077540000 - 0x00000000776e9000 	C:\Windows\SYSTEM32\ntdll.dll
0x0000000077420000 - 0x000000007753f000 	C:\Windows\system32\kernel32.dll
0x000007fefd320000 - 0x000007fefd38c000 	C:\Windows\system32\KERNELBASE.dll
0x0000000074460000 - 0x000000007451f000 	C:\Program Files\MATLAB\R2012b\bin\win64\libut.dll
0x00000000758a0000 - 0x000000007595c000 	C:\Program Files\MATLAB\R2012b\bin\win64\libmwi18n.dll
0x0000000180000000 - 0x000000018000b000 	C:\Program Files\MATLAB\R2012b\bin\win64\libmwresource_core.dll
0x000000006aff0000 - 0x000000006b0c3000 	C:\Windows\WinSxS\amd64_microsoft.vc90.crt_1fc8b3b9a1e18e3b_9.0.30729.6161_none_08e61857a83bc251\MSVCP90.dll
0x000000006af40000 - 0x000000006afe3000 	C:\Windows\WinSxS\amd64_microsoft.vc90.crt_1fc8b3b9a1e18e3b_9.0.30729.6161_none_08e61857a83bc251\MSVCR90.dll
0x000000007a170000 - 0x000000007a19c000 	C:\Program Files\MATLAB\R2012b\bin\win64\boost_filesystem-vc90-mt-1_44.dll
0x000000007a560000 - 0x000000007a569000 	C:\Program Files\MATLAB\R2012b\bin\win64\boost_system-vc90-mt-1_44.dll
0x000007fefd6c0000 - 0x000007fefd79b000 	C:\Windows\system32\ADVAPI32.dll
0x000007fefe530000 - 0x000007fefe5cf000 	C:\Windows\system32\msvcrt.dll
0x000007fefed50000 - 0x000007fefed6f000 	C:\Windows\SYSTEM32\sechost.dll
0x000007feff360000 - 0x000007feff48d000 	C:\Windows\system32\RPCRT4.dll
0x000000007a010000 - 0x000000007a035000 	C:\Program Files\MATLAB\R2012b\bin\win64\LIBEXPAT.dll
0x0000000068930000 - 0x0000000068b21000 	C:\Program Files\MATLAB\R2012b\bin\win64\icuin44.dll
0x00000000687b0000 - 0x0000000068921000 	C:\Program Files\MATLAB\R2012b\bin\win64\icuuc44.dll
0x0000000010000000 - 0x0000000010e41000 	C:\Program Files\MATLAB\R2012b\bin\win64\icudt44.dll
0x0000000073f70000 - 0x000000007411d000 	C:\Program Files\MATLAB\R2012b\bin\win64\libmwfl.dll
0x0000000004250000 - 0x0000000004606000 	C:\Program Files\MATLAB\R2012b\bin\win64\libmwMATLAB_res.dll
0x000000007a3b0000 - 0x000000007a3c0000 	C:\Program Files\MATLAB\R2012b\bin\win64\boost_date_time-vc90-mt-1_44.dll
0x000000007a250000 - 0x000000007a263000 	C:\Program Files\MATLAB\R2012b\bin\win64\boost_signals-vc90-mt-1_44.dll
0x000000007a2d0000 - 0x000000007a2e2000 	C:\Program Files\MATLAB\R2012b\bin\win64\boost_thread-vc90-mt-1_44.dll
0x0000000004650000 - 0x000000000470d000 	C:\Program Files\MATLAB\R2012b\bin\win64\boost_log-vc90-mt-1_44.dll
0x0000000077700000 - 0x0000000077707000 	C:\Windows\system32\PSAPI.DLL
0x000007feff2a0000 - 0x000007feff2ed000 	C:\Windows\system32\WS2_32.dll
0x000007feff490000 - 0x000007feff498000 	C:\Windows\system32\NSI.dll
0x0000000004720000 - 0x0000000004766000 	C:\Program Files\MATLAB\R2012b\bin\win64\tbb.dll
0x000007feff540000 - 0x000007feff559000 	C:\Windows\system32\imagehlp.dll
0x0000000068790000 - 0x00000000687a3000 	C:\Program Files\MATLAB\R2012b\bin\win64\icuio44.dll
0x000007fef66a0000 - 0x000007fef67c5000 	C:\Windows\system32\dbghelp.dll
0x0000000077320000 - 0x000000007741a000 	C:\Windows\system32\USER32.dll
0x000007feff2f0000 - 0x000007feff357000 	C:\Windows\system32\GDI32.dll
0x000007fefe5d0000 - 0x000007fefe5de000 	C:\Windows\system32\LPK.dll
0x000007fefec80000 - 0x000007fefed49000 	C:\Windows\system32\USP10.dll
0x0000000004790000 - 0x0000000004a6c000 	C:\Program Files\MATLAB\R2012b\bin\win64\libmwservices.dll
0x0000000075a20000 - 0x0000000075af3000 	C:\Program Files\MATLAB\R2012b\bin\win64\libmx.dll
0x0000000004a90000 - 0x0000000004ab9000 	C:\Program Files\MATLAB\R2012b\bin\win64\tbbmalloc.dll
0x000000007a210000 - 0x000000007a228000 	C:\Program Files\MATLAB\R2012b\bin\win64\zlib1.dll
0x0000000004ae0000 - 0x0000000004b2d000 	C:\Program Files\MATLAB\R2012b\bin\win64\libmwregexp.dll
0x0000000004b40000 - 0x0000000004b63000 	C:\Program Files\MATLAB\R2012b\bin\win64\libmwmfl_scalar.dll
0x0000000075f10000 - 0x0000000075f60000 	C:\Program Files\MATLAB\R2012b\bin\win64\mpath.dll
0x000000007b680000 - 0x000000007bc9a000 	C:\Program Files\MATLAB\R2012b\bin\win64\mlutil.dll
0x00000000754d0000 - 0x0000000075551000 	C:\Program Files\MATLAB\R2012b\bin\win64\xmlcore.dll
0x0000000004bb0000 - 0x0000000004e03000 	C:\Program Files\MATLAB\R2012b\bin\win64\xerces-c_2_7.dll
0x0000000004e20000 - 0x0000000004e40000 	C:\Program Files\MATLAB\R2012b\bin\win64\libmwMATLAB_settings_res.dll
0x0000000004e50000 - 0x0000000004e60000 	C:\Program Files\MATLAB\R2012b\bin\win64\boost_iostreams-vc90-mt-1_44.dll
0x0000000004e70000 - 0x0000000004eb7000 	C:\Program Files\MATLAB\R2012b\bin\win64\boost_serialization-vc90-mt-1_44.dll
0x000007fefd7a0000 - 0x000007fefe528000 	C:\Windows\system32\SHELL32.dll
0x000007feff640000 - 0x000007feff6b1000 	C:\Windows\system32\SHLWAPI.dll
0x000007fef9740000 - 0x000007fef97e0000 	C:\Windows\WinSxS\amd64_microsoft.windows.common-controls_6595b64144ccf1df_5.82.7601.18201_none_a4d3b9377117c3df\COMCTL32.dll
0x000007fefef50000 - 0x000007fefefe7000 	C:\Windows\system32\COMDLG32.dll
0x000007fefac90000 - 0x000007fefaca6000 	C:\Windows\system32\NETAPI32.dll
0x000007fefac80000 - 0x000007fefac8c000 	C:\Windows\system32\netutils.dll
0x000007fefcd80000 - 0x000007fefcda3000 	C:\Windows\system32\srvcli.dll
0x000007fefac60000 - 0x000007fefac75000 	C:\Windows\system32\wkscli.dll
0x000007fefea70000 - 0x000007fefec73000 	C:\Windows\system32\ole32.dll
0x000007feff560000 - 0x000007feff637000 	C:\Windows\system32\OLEAUT32.dll
0x0000000074970000 - 0x0000000074a31000 	C:\Program Files\MATLAB\R2012b\bin\win64\mcr.dll
0x0000000075000000 - 0x00000000753e9000 	C:\Program Files\MATLAB\R2012b\bin\win64\iqm.dll
0x0000000074e80000 - 0x0000000074f38000 	C:\Program Files\MATLAB\R2012b\bin\win64\m_dispatcher.dll
0x0000000074880000 - 0x000000007496d000 	C:\Program Files\MATLAB\R2012b\bin\win64\boost_regex-vc90-mt-1_44.dll
0x000007feeecf0000 - 0x000007feef561000 	C:\Program Files\MATLAB\R2012b\bin\win64\m_interpreter.dll
0x0000000068760000 - 0x0000000068787000 	C:\Program Files\MATLAB\R2012b\bin\win64\libmex.dll
0x00000000686d0000 - 0x0000000068754000 	C:\Program Files\MATLAB\R2012b\bin\win64\profiler.dll
0x0000000004f40000 - 0x00000000051aa000 	C:\Program Files\MATLAB\R2012b\bin\win64\libmwmathutil.dll
0x0000000079f40000 - 0x0000000079f6e000 	C:\Program Files\MATLAB\R2012b\bin\win64\libmwmathrng.dll
0x00000000051d0000 - 0x00000000051e2000 	C:\Program Files\MATLAB\R2012b\bin\win64\libmwmfl_rng.dll
0x0000000074c10000 - 0x0000000074cee000 	C:\Program Files\MATLAB\R2012b\bin\win64\libmwmathcore.dll
0x0000000076160000 - 0x00000000761ca000 	C:\Program Files\MATLAB\R2012b\bin\win64\libmwspmatrix.dll
0x0000000075ea0000 - 0x0000000075f02000 	C:\Program Files\MATLAB\R2012b\bin\win64\libmwcholmod.dll
0x000000007a460000 - 0x000000007a46d000 	C:\Program Files\MATLAB\R2012b\bin\win64\libmwamd.dll
0x000000007a4b0000 - 0x000000007a4bc000 	C:\Program Files\MATLAB\R2012b\bin\win64\libmwcolamd.dll
0x000000007a290000 - 0x000000007a2a9000 	C:\Program Files\MATLAB\R2012b\bin\win64\libmwblas.dll
0x000000007a310000 - 0x000000007a321000 	C:\Program Files\MATLAB\R2012b\bin\win64\libmwbinder.dll
0x000000007a4d0000 - 0x000000007a4dc000 	C:\Program Files\MATLAB\R2012b\bin\win64\libmwompwrapper.dll
0x0000000005280000 - 0x0000000005305000 	C:\Program Files\MATLAB\R2012b\bin\win64\libmwlapack.dll
0x00000000686a0000 - 0x00000000686c1000 	C:\Program Files\MATLAB\R2012b\bin\win64\m_pcodeio.dll
0x0000000079b10000 - 0x0000000079b77000 	C:\Program Files\MATLAB\R2012b\bin\win64\m_ir.dll
0x0000000068030000 - 0x00000000686a0000 	C:\Program Files\MATLAB\R2012b\bin\win64\m_parser.dll
0x0000000068010000 - 0x000000006802a000 	C:\Program Files\MATLAB\R2012b\bin\win64\ir_xfmr.dll
0x000007feeea50000 - 0x000007feeece6000 	C:\Program Files\MATLAB\R2012b\bin\win64\mcos.dll
0x0000000067ff0000 - 0x0000000068001000 	C:\Program Files\MATLAB\R2012b\bin\win64\mtok.dll
0x0000000067fb0000 - 0x0000000067fe1000 	C:\Program Files\MATLAB\R2012b\bin\win64\m_pcodegen.dll
0x0000000079fb0000 - 0x0000000079fe6000 	C:\Program Files\MATLAB\R2012b\bin\win64\libmwbridge.dll
0x0000000067ee0000 - 0x0000000067fa8000 	C:\Program Files\MATLAB\R2012b\bin\win64\udd.dll
0x0000000067d80000 - 0x0000000067ed2000 	C:\Program Files\MATLAB\R2012b\bin\win64\libmwgui.dll
0x0000000067d60000 - 0x0000000067d77000 	C:\Program Files\MATLAB\R2012b\bin\win64\graphics_util.dll
0x0000000067300000 - 0x0000000067d5f000 	C:\Program Files\MATLAB\R2012b\bin\win64\hg.dll
0x00000000053e0000 - 0x0000000005448000 	C:\Program Files\MATLAB\R2012b\bin\win64\libmat.dll
0x0000000072d30000 - 0x0000000072f44000 	C:\Program Files\MATLAB\R2012b\bin\win64\hdf5dll.dll
0x0000000075710000 - 0x00000000757de000 	C:\Program Files\MATLAB\R2012b\bin\win64\jmi.dll
0x0000000005480000 - 0x000000000548d000 	C:\Program Files\MATLAB\R2012b\bin\win64\nativejava_services.dll
0x00000000672b0000 - 0x00000000672f6000 	C:\Program Files\MATLAB\R2012b\bin\win64\libmwhardcopy.dll
0x0000000067240000 - 0x00000000672a3000 	C:\Program Files\MATLAB\R2012b\bin\win64\libuij.dll
0x0000000066fd0000 - 0x0000000067234000 	C:\Program Files\MATLAB\R2012b\bin\win64\hgdatatypes.dll
0x0000000066eb0000 - 0x0000000066fcf000 	C:\Program Files\MATLAB\R2012b\bin\win64\hgutils.dll
0x0000000066df0000 - 0x0000000066eb0000 	C:\Program Files\MATLAB\R2012b\bin\win64\udd_mi.dll
0x00000000054f0000 - 0x000000000552b000 	C:\Program Files\MATLAB\R2012b\bin\win64\libmwgbtutils.dll
0x0000000005540000 - 0x000000000555b000 	C:\Program Files\MATLAB\R2012b\bin\win64\libmwgbt.dll
0x0000000005570000 - 0x0000000005841000 	C:\Program Files\MATLAB\R2012b\bin\win64\uiw.dll
0x0000000072210000 - 0x000000007221f000 	C:\Program Files\MATLAB\R2012b\bin\win64\uinone.dll
0x0000000005870000 - 0x0000000005899000 	C:\Program Files\MATLAB\R2012b\bin\win64\libmwnativefiledialogs.dll
0x00000000058b0000 - 0x00000000058b8000 	C:\Program Files\MATLAB\R2012b\bin\win64\libmwplatform_res.dll
0x000007fef4690000 - 0x000007fef46a8000 	C:\Windows\system32\MPR.dll
0x0000000066900000 - 0x0000000066de4000 	C:\Windows\WinSxS\amd64_microsoft.vc90.mfc_1fc8b3b9a1e18e3b_9.0.30729.6161_none_044aad0bab1eb146\mfc90.dll
0x000007fefa0d0000 - 0x000007fefa0d7000 	C:\Windows\system32\MSIMG32.dll
0x000007fef96c0000 - 0x000007fef9731000 	C:\Windows\system32\WINSPOOL.DRV
0x00000000668d0000 - 0x00000000668f2000 	C:\Program Files\MATLAB\R2012b\bin\win64\mwoles05.DLL
0x0000000066850000 - 0x00000000668cd000 	C:\Program Files\MATLAB\R2012b\bin\win64\comcli.dll
0x0000000066820000 - 0x000000006684f000 	C:\Windows\WinSxS\amd64_microsoft.vc90.atl_1fc8b3b9a1e18e3b_9.0.30729.6161_none_0a1fd3a3a768b895\ATL90.DLL
0x000000006ae90000 - 0x000000006ae9c000 	C:\Program Files\MATLAB\R2012b\bin\win64\mlautoregister.dll
0x000007fefe5e0000 - 0x000007fefe60e000 	C:\Windows\system32\IMM32.DLL
0x000007fefe8e0000 - 0x000007fefe9e9000 	C:\Windows\system32\MSCTF.dll
0x000007fefb8a0000 - 0x000007fefb8f6000 	C:\Windows\system32\UxTheme.dll
0x000007fefb510000 - 0x000007fefb528000 	C:\Windows\system32\dwmapi.dll
0x000000006ab30000 - 0x000000006ab3d000 	C:\Windows\WinSxS\amd64_microsoft.vc90.mfcloc_1fc8b3b9a1e18e3b_9.0.30729.6161_none_01c9581e60cbee58\MFC90ENU.DLL
0x000007fefd310000 - 0x000007fefd31f000 	C:\Windows\system32\profapi.dll
0x00000000059e0000 - 0x00000000059ef000 	C:\Program Files\MATLAB\R2012b\bin\win64\xmlxrcsc.dll
0x000007fefd1a0000 - 0x000007fefd1af000 	C:\Windows\system32\CRYPTBASE.dll
0x000007fefb980000 - 0x000007fefbb74000 	C:\Windows\WinSxS\amd64_microsoft.windows.common-controls_6595b64144ccf1df_6.0.7601.17514_none_fa396087175ac9ac\comctl32.dll
0x000007fefed70000 - 0x000007fefef47000 	C:\Windows\system32\SETUPAPI.dll
0x000007fefd680000 - 0x000007fefd6b6000 	C:\Windows\system32\CFGMGR32.dll
0x000007fefd620000 - 0x000007fefd63a000 	C:\Windows\system32\DEVOBJ.dll
0x000007feff4a0000 - 0x000007feff539000 	C:\Windows\system32\CLBCatQ.DLL
0x000007fefbfd0000 - 0x000007fefc0fc000 	C:\Windows\system32\propsys.dll
0x000007fefb900000 - 0x000007fefb92d000 	C:\Windows\system32\ntmarta.dll

VM Arguments:
jvm_args: -Xss512k -XX:PermSize=32m -Xms64m -XX:NewRatio=3 -XX:MaxPermSize=128m -Xmx196m -XX:MaxDirectMemorySize=2147400000 -Dsun.java2d.noddraw=true -Dsun.awt.nopixfmt=true -Xshare:off -Xrs -Dsun.awt.disableMixing=true -Djava.library.path=C:\Program Files\MATLAB\R2012b\bin\win64;C:\Program Files\MATLAB\R2012b\sys\jxbrowser\win64\lib vfprintf abort 
java_command: <unknown>
Launcher Type: generic

Environment Variables:
PATH=C:\gstreamer\1.0\bin;C:\ProgramData\Oracle\Java\javapath;C:\Program Files (x86)\NVIDIA Corporation\PhysX\Common;C:\Program Files (x86)\Intel\iCLS Client\;C:\Program Files\Intel\iCLS Client\;C:\Windows\system32;C:\Windows;C:\Windows\System32\Wbem;C:\Windows\System32\WindowsPowerShell\v1.0\;C:\Program Files\Intel\Intel(R) Management Engine Components\DAL;C:\Program Files (x86)\Intel\Intel(R) Management Engine Components\DAL;C:\Program Files\Intel\Intel(R) Management Engine Components\IPT;C:\Program Files (x86)\Intel\Intel(R) Management Engine Components\IPT;C:\Program Files\MATLAB\R2012b\runtime\win64;C:\Program Files\MATLAB\R2012b\bin;C:\Program Files\SlikSvn\bin
USERNAME=user
OS=Windows_NT
PROCESSOR_IDENTIFIER=Intel64 Family 6 Model 60 Stepping 3, GenuineIntel



---------------  S Y S T E M  ---------------

OS: Windows 7 Build 7601 Service Pack 1

CPU:total 8 (8 cores per cpu, 2 threads per core) family 6 model 60 stepping 3, cmov, cx8, fxsr, mmx, sse, sse2, sse3, ssse3, sse4.1, sse4.2, ht

Memory: 4k page, physical 16718972k(14913252k free), swap 33436084k(30220516k free)

vm_info: Java HotSpot(TM) 64-Bit Server VM (14.3-b01) for windows-amd64 JRE (1.6.0_17-b04), built on Oct 11 2009 00:46:08 by "java_re" with MS VC++ 8.0

time: Fri Feb 06 16:38:49 2015
elapsed time: 3560 seconds

